<?xml version="1.0" encoding="UTF-8"?>
<testsuite name="com.cursochat.ws.providers.JsonWebTokenProviderTest" tests="1" skipped="0" failures="0" errors="0" timestamp="2023-02-02T18:50:36" hostname="DESKTOP-QRPO6IT" time="5.655">
  <properties/>
  <testcase name="test()" classname="com.cursochat.ws.providers.JsonWebTokenProviderTest" time="5.655"/>
  <system-out><![CDATA[15:50:23.418 [Test worker] DEBUG org.springframework.test.context.BootstrapUtils - Instantiating CacheAwareContextLoaderDelegate from class [org.springframework.test.context.cache.DefaultCacheAwareContextLoaderDelegate]
15:50:23.452 [Test worker] DEBUG org.springframework.test.context.BootstrapUtils - Instantiating BootstrapContext using constructor [public org.springframework.test.context.support.DefaultBootstrapContext(java.lang.Class,org.springframework.test.context.CacheAwareContextLoaderDelegate)]
15:50:23.556 [Test worker] DEBUG org.springframework.test.context.BootstrapUtils - Instantiating TestContextBootstrapper for test class [com.cursochat.ws.providers.JsonWebTokenProviderTest] from class [org.springframework.boot.test.context.SpringBootTestContextBootstrapper]
15:50:23.590 [Test worker] INFO org.springframework.boot.test.context.SpringBootTestContextBootstrapper - Neither @ContextConfiguration nor @ContextHierarchy found for test class [com.cursochat.ws.providers.JsonWebTokenProviderTest], using SpringBootContextLoader
15:50:23.603 [Test worker] DEBUG org.springframework.test.context.support.AbstractContextLoader - Did not detect default resource location for test class [com.cursochat.ws.providers.JsonWebTokenProviderTest]: class path resource [com/cursochat/ws/providers/JsonWebTokenProviderTest-context.xml] does not exist
15:50:23.604 [Test worker] DEBUG org.springframework.test.context.support.AbstractContextLoader - Did not detect default resource location for test class [com.cursochat.ws.providers.JsonWebTokenProviderTest]: class path resource [com/cursochat/ws/providers/JsonWebTokenProviderTestContext.groovy] does not exist
15:50:23.604 [Test worker] INFO org.springframework.test.context.support.AbstractContextLoader - Could not detect default resource locations for test class [com.cursochat.ws.providers.JsonWebTokenProviderTest]: no resource found for suffixes {-context.xml, Context.groovy}.
15:50:23.606 [Test worker] INFO org.springframework.test.context.support.AnnotationConfigContextLoaderUtils - Could not detect default configuration classes for test class [com.cursochat.ws.providers.JsonWebTokenProviderTest]: JsonWebTokenProviderTest does not declare any static, non-private, non-final, nested classes annotated with @Configuration.
15:50:23.709 [Test worker] DEBUG org.springframework.test.context.support.ActiveProfilesUtils - Could not find an 'annotation declaring class' for annotation type [org.springframework.test.context.ActiveProfiles] and class [com.cursochat.ws.providers.JsonWebTokenProviderTest]
15:50:23.906 [Test worker] DEBUG org.springframework.context.annotation.ClassPathScanningCandidateComponentProvider - Identified candidate component class: file [C:\Users\DELL\Desktop\springboot\cursochat\ws\build\classes\java\main\com\cursochat\ws\WsApplication.class]
15:50:23.908 [Test worker] INFO org.springframework.boot.test.context.SpringBootTestContextBootstrapper - Found @SpringBootConfiguration com.cursochat.ws.WsApplication for test class com.cursochat.ws.providers.JsonWebTokenProviderTest
15:50:24.298 [Test worker] DEBUG org.springframework.boot.test.context.SpringBootTestContextBootstrapper - @TestExecutionListeners is not present for class [com.cursochat.ws.providers.JsonWebTokenProviderTest]: using defaults.
15:50:24.300 [Test worker] INFO org.springframework.boot.test.context.SpringBootTestContextBootstrapper - Loaded default TestExecutionListener class names from location [META-INF/spring.factories]: [org.springframework.boot.test.autoconfigure.restdocs.RestDocsTestExecutionListener, org.springframework.boot.test.autoconfigure.web.client.MockRestServiceServerResetTestExecutionListener, org.springframework.boot.test.autoconfigure.web.servlet.MockMvcPrintOnlyOnFailureTestExecutionListener, org.springframework.boot.test.autoconfigure.web.servlet.WebDriverTestExecutionListener, org.springframework.boot.test.autoconfigure.webservices.client.MockWebServiceServerTestExecutionListener, org.springframework.boot.test.mock.mockito.MockitoTestExecutionListener, org.springframework.boot.test.mock.mockito.ResetMocksTestExecutionListener, org.springframework.test.context.web.ServletTestExecutionListener, org.springframework.test.context.support.DirtiesContextBeforeModesTestExecutionListener, org.springframework.test.context.event.ApplicationEventsTestExecutionListener, org.springframework.test.context.support.DependencyInjectionTestExecutionListener, org.springframework.test.context.support.DirtiesContextTestExecutionListener, org.springframework.test.context.transaction.TransactionalTestExecutionListener, org.springframework.test.context.jdbc.SqlScriptsTestExecutionListener, org.springframework.test.context.event.EventPublishingTestExecutionListener]
15:50:24.361 [Test worker] INFO org.springframework.boot.test.context.SpringBootTestContextBootstrapper - Using TestExecutionListeners: [org.springframework.test.context.web.ServletTestExecutionListener@76c7beb3, org.springframework.test.context.support.DirtiesContextBeforeModesTestExecutionListener@64337702, org.springframework.test.context.event.ApplicationEventsTestExecutionListener@2cf92cc7, org.springframework.boot.test.mock.mockito.MockitoTestExecutionListener@30ea8c23, org.springframework.boot.test.autoconfigure.SpringBootDependencyInjectionTestExecutionListener@7b139eab, org.springframework.test.context.support.DirtiesContextTestExecutionListener@4e76dac, org.springframework.test.context.transaction.TransactionalTestExecutionListener@611df6e3, org.springframework.test.context.jdbc.SqlScriptsTestExecutionListener@5f2f577, org.springframework.test.context.event.EventPublishingTestExecutionListener@6273c5a4, org.springframework.boot.test.autoconfigure.restdocs.RestDocsTestExecutionListener@5d465e4b, org.springframework.boot.test.autoconfigure.web.client.MockRestServiceServerResetTestExecutionListener@53e211ee, org.springframework.boot.test.autoconfigure.web.servlet.MockMvcPrintOnlyOnFailureTestExecutionListener@41a90fa8, org.springframework.boot.test.autoconfigure.web.servlet.WebDriverTestExecutionListener@3d8bbcdc, org.springframework.boot.test.autoconfigure.webservices.client.MockWebServiceServerTestExecutionListener@52500920, org.springframework.boot.test.mock.mockito.ResetMocksTestExecutionListener@117e0fe5]
15:50:24.372 [Test worker] DEBUG org.springframework.test.context.support.AbstractDirtiesContextTestExecutionListener - Before test class: context [DefaultTestContext@2d10e0b1 testClass = JsonWebTokenProviderTest, testInstance = [null], testMethod = [null], testException = [null], mergedContextConfiguration = [WebMergedContextConfiguration@1c98290c testClass = JsonWebTokenProviderTest, locations = '{}', classes = '{class com.cursochat.ws.WsApplication}', contextInitializerClasses = '[]', activeProfiles = '{}', propertySourceLocations = '{}', propertySourceProperties = '{org.springframework.boot.test.context.SpringBootTestContextBootstrapper=true}', contextCustomizers = set[org.springframework.boot.test.autoconfigure.actuate.metrics.MetricsExportContextCustomizerFactory$DisableMetricExportContextCustomizer@6995bf68, org.springframework.boot.test.autoconfigure.properties.PropertyMappingContextCustomizer@0, org.springframework.boot.test.autoconfigure.web.servlet.WebDriverContextCustomizerFactory$Customizer@797cf65c, org.springframework.boot.test.context.filter.ExcludeFilterContextCustomizer@7862f56, org.springframework.boot.test.json.DuplicateJsonObjectContextCustomizerFactory$DuplicateJsonObjectContextCustomizer@38831718, org.springframework.boot.test.mock.mockito.MockitoContextCustomizer@0, org.springframework.boot.test.web.client.TestRestTemplateContextCustomizer@59b38691, org.springframework.boot.test.context.SpringBootTestArgs@1, org.springframework.boot.test.context.SpringBootTestWebEnvironment@16610890], resourceBasePath = 'src/main/webapp', contextLoader = 'org.springframework.boot.test.context.SpringBootContextLoader', parent = [null]], attributes = map['org.springframework.test.context.web.ServletTestExecutionListener.activateListener' -> true]], class annotated with @DirtiesContext [false] with mode [null].

  .   ____          _            __ _ _
 /\\ / ___'_ __ _ _(_)_ __  __ _ \ \ \ \
( ( )\___ | '_ | '_| | '_ \/ _` | \ \ \ \
 \\/  ___)| |_)| | | | | || (_| |  ) ) ) )
  '  |____| .__|_| |_|_| |_\__, | / / / /
 =========|_|==============|___/=/_/_/_/
 :: Spring Boot ::                (v2.7.8)

2023-02-02 15:50:25.694  INFO 17684 --- [    Test worker] c.c.w.p.JsonWebTokenProviderTest         : Starting JsonWebTokenProviderTest using Java 17.0.6 on DESKTOP-QRPO6IT with PID 17684 (started by Rodrigo in C:\Users\DELL\Desktop\springboot\cursochat\ws)
2023-02-02 15:50:25.697  INFO 17684 --- [    Test worker] c.c.w.p.JsonWebTokenProviderTest         : No active profile set, falling back to 1 default profile: "default"
2023-02-02 15:50:28.076  INFO 17684 --- [    Test worker] .s.d.r.c.RepositoryConfigurationDelegate : Multiple Spring Data modules found, entering strict repository configuration mode
2023-02-02 15:50:28.096  INFO 17684 --- [    Test worker] .s.d.r.c.RepositoryConfigurationDelegate : Bootstrapping Spring Data Redis repositories in DEFAULT mode.
2023-02-02 15:50:28.196  INFO 17684 --- [    Test worker] .s.d.r.c.RepositoryConfigurationDelegate : Finished Spring Data repository scanning in 29 ms. Found 0 Redis repository interfaces.
simple: 774ff42f-ebe6-4846-8789-ec7e49a85349, cached b7892c43-3413-4168-97b3-589c3bd63e47
simple: 7adcebdc-b78d-4c08-aa78-d46c6d0b5d9a, cached 9b20c824-15d4-4ff7-a999-1b29675dbef9
simple: d2441db9-bd25-4a93-b3e6-11d8dafe0a0b, cached 27e49243-8edf-4ef2-87ac-5c23b07b9bf9
2023-02-02 15:50:36.372  INFO 17684 --- [    Test worker] c.c.w.p.JsonWebTokenProviderTest         : Started JsonWebTokenProviderTest in 11.892 seconds (JVM running for 16.297)
simple: 6d2895fa-7f2c-4d04-b52a-2c2c78369163, cached a76d2d28-bb96-4425-877b-d80199adc0fe
simple: 7fb94264-c232-4570-908e-83c563871f40, cached a76d2d28-bb96-4425-877b-d80199adc0fe
simple: 6437482b-aeb1-4cdd-9279-496dc3df457a, cached a76d2d28-bb96-4425-877b-d80199adc0fe
{picture=https://lh3.googleusercontent.com/a/AEdFTp5aKoWxaqs8nFsXFlGPgUuF71Npjxy9zbQNvPepuA=s96-c, id=google-oauth2|105340598208732664659, name=Rodrigo Augusto}
]]></system-out>
  <system-err><![CDATA[]]></system-err>
</testsuite>
